[debug] [2017-06-10T05:57:06.460Z] ----------------------------------------------------------------------
[debug] [2017-06-10T05:57:06.460Z] Command:      C:\Program Files\nodejs\node.exe C:\Users\HP\AppData\Roaming\npm\node_modules\firebase-tools\bin\firebase serve
[debug] [2017-06-10T05:57:06.460Z] CLI Version:  3.9.1
[debug] [2017-06-10T05:57:06.460Z] Platform:     win32
[debug] [2017-06-10T05:57:06.460Z] Node Version: v7.2.0
[debug] [2017-06-10T05:57:06.476Z] Time:         Sat Jun 10 2017 11:27:06 GMT+0530 (India Standard Time)
[debug] [2017-06-10T05:57:06.476Z] ----------------------------------------------------------------------
[debug] 
[debug] [2017-06-10T05:57:06.662Z] > command requires scopes: ["email","openid","https://www.googleapis.com/auth/cloudplatformprojects.readonly","https://www.googleapis.com/auth/firebase","https://www.googleapis.com/auth/cloud-platform"]
[debug] [2017-06-10T05:57:06.662Z] > authorizing via signed-in user
[debug] [2017-06-10T05:57:06.662Z] > refreshing access token with scopes: ["email","https://www.googleapis.com/auth/cloud-platform","https://www.googleapis.com/auth/cloudplatformprojects.readonly","https://www.googleapis.com/auth/firebase","openid"]
[debug] [2017-06-10T05:57:06.662Z] >>> HTTP REQUEST POST https://www.googleapis.com/oauth2/v3/token { refresh_token: '1/e2taK1zueAWkCueAk9zomeVbub_qHoc5ZA8uFQpx-N3Wnx1lhlkKVgs0NmX84NFQ',
  client_id: '563584335869-fgrhgmd47bqnekij5i8b5pr03ho849e6.apps.googleusercontent.com',
  client_secret: 'j9iVZfS8kkCEFUPaAeJV0sAi',
  grant_type: 'refresh_token',
  scope: 'email https://www.googleapis.com/auth/cloud-platform https://www.googleapis.com/auth/cloudplatformprojects.readonly https://www.googleapis.com/auth/firebase openid' } 
 Sat Jun 10 2017 11:27:06 GMT+0530 (India Standard Time)
[debug] [2017-06-10T05:57:12.418Z] <<< HTTP RESPONSE 200
[debug] [2017-06-10T05:57:12.470Z] >>> HTTP REQUEST GET https://admin.firebase.com/v1/projects/maddog-1  
 Sat Jun 10 2017 11:27:12 GMT+0530 (India Standard Time)
[debug] [2017-06-10T05:57:21.696Z] <<< HTTP RESPONSE 200
[debug] [2017-06-10T05:57:21.696Z] >>> HTTP REQUEST GET https://admin.firebase.com/v1/database/maddog-1/tokens  
 Sat Jun 10 2017 11:27:21 GMT+0530 (India Standard Time)
[debug] [2017-06-10T05:57:26.318Z] <<< HTTP RESPONSE 200
[info] 
[info] === Serving from 'C:\Users\HP\maddog_1'...
[info] 
[debug] [2017-06-10T05:57:26.334Z] >>> HTTP REQUEST GET https://cloudresourcemanager.googleapis.com/v1/projects/maddog-1  
 Sat Jun 10 2017 11:27:26 GMT+0530 (India Standard Time)
[debug] [2017-06-10T05:57:35.317Z] <<< HTTP RESPONSE 200
[debug] [2017-06-10T05:57:35.318Z] >>> HTTP REQUEST GET https://mobilesdk-pa.googleapis.com/v1/projects/109488199865/clients/_:getWebAppConfig  
 Sat Jun 10 2017 11:27:35 GMT+0530 (India Standard Time)
[debug] [2017-06-10T05:57:43.286Z] <<< HTTP RESPONSE 200
[info] i  hosting: Serving hosting files from: /
[info] +  hosting: Local server: http://localhost:5000

